2026-02-01 08:45:24,785 INFO Set uid to user 0 succeeded
2026-02-01 08:45:24,800 INFO supervisord started with pid 1
2026-02-01 08:45:25,812 INFO spawned: 'nginx' with pid 7
2026-02-01 08:45:25,821 INFO spawned: 'php-fpm' with pid 8
2026-02-01 08:45:26,925 INFO success: nginx entered RUNNING state, process has stayed up for > than 1 seconds (startsecs)
2026-02-01 08:45:26,926 INFO success: php-fpm entered RUNNING state, process has stayed up for > than 1 seconds (startsecs)
2026-02-01 08:58:46,408 INFO reaped unknown pid 257 (exit status 0)
2026-02-01 11:15:11,844 WARN received SIGQUIT indicating exit request
2026-02-01 11:15:11,847 INFO waiting for nginx, php-fpm to die
2026-02-01 11:15:11,867 INFO stopped: php-fpm (exit status 0)
2026-02-01 11:15:11,892 INFO stopped: nginx (exit status 0)
2026-02-01 11:15:31,722 INFO Set uid to user 0 succeeded
2026-02-01 11:15:31,744 INFO supervisord started with pid 1
2026-02-01 11:15:32,751 INFO spawned: 'nginx' with pid 7
2026-02-01 11:15:32,763 INFO spawned: 'php-fpm' with pid 8
2026-02-01 11:15:34,047 INFO success: nginx entered RUNNING state, process has stayed up for > than 1 seconds (startsecs)
2026-02-01 11:15:34,048 INFO success: php-fpm entered RUNNING state, process has stayed up for > than 1 seconds (startsecs)
2026-02-01 11:24:49,987 WARN received SIGQUIT indicating exit request
2026-02-01 11:24:49,990 INFO waiting for nginx, php-fpm to die
2026-02-01 11:24:50,004 INFO stopped: php-fpm (exit status 0)
2026-02-01 11:24:50,021 INFO stopped: nginx (exit status 0)
2026-02-01 11:24:59,321 INFO Set uid to user 0 succeeded
2026-02-01 11:24:59,347 INFO supervisord started with pid 1
2026-02-01 11:25:00,354 INFO spawned: 'nginx' with pid 7
2026-02-01 11:25:00,372 INFO spawned: 'php-fpm' with pid 8
2026-02-01 11:25:01,527 INFO success: nginx entered RUNNING state, process has stayed up for > than 1 seconds (startsecs)
2026-02-01 11:25:01,528 INFO success: php-fpm entered RUNNING state, process has stayed up for > than 1 seconds (startsecs)
2026-02-01 11:27:23,766 WARN received SIGQUIT indicating exit request
2026-02-01 11:27:23,767 INFO waiting for nginx, php-fpm to die
2026-02-01 11:27:23,779 INFO stopped: php-fpm (exit status 0)
2026-02-01 11:27:23,793 INFO stopped: nginx (exit status 0)
2026-02-01 11:27:36,850 INFO Set uid to user 0 succeeded
2026-02-01 11:27:36,859 INFO supervisord started with pid 1
2026-02-01 11:27:37,865 INFO spawned: 'nginx' with pid 7
2026-02-01 11:27:37,878 INFO spawned: 'php-fpm' with pid 8
2026-02-01 11:27:39,094 INFO success: nginx entered RUNNING state, process has stayed up for > than 1 seconds (startsecs)
2026-02-01 11:27:39,094 INFO success: php-fpm entered RUNNING state, process has stayed up for > than 1 seconds (startsecs)
2026-02-01 11:31:40,505 WARN received SIGQUIT indicating exit request
2026-02-01 11:31:40,509 INFO waiting for nginx, php-fpm to die
2026-02-01 11:31:40,524 INFO stopped: php-fpm (exit status 0)
2026-02-01 11:31:40,545 INFO stopped: nginx (exit status 0)
2026-02-01 11:33:00,422 INFO Set uid to user 0 succeeded
2026-02-01 11:33:00,432 INFO supervisord started with pid 1
2026-02-01 11:33:01,444 INFO spawned: 'nginx' with pid 7
2026-02-01 11:33:01,451 INFO spawned: 'php-fpm' with pid 8
2026-02-01 11:33:02,589 INFO success: nginx entered RUNNING state, process has stayed up for > than 1 seconds (startsecs)
2026-02-01 11:33:02,590 INFO success: php-fpm entered RUNNING state, process has stayed up for > than 1 seconds (startsecs)
2026-02-01 11:33:36,648 WARN received SIGQUIT indicating exit request
2026-02-01 11:33:36,649 INFO waiting for nginx, php-fpm to die
2026-02-01 11:33:37,662 INFO stopped: php-fpm (exit status 0)
2026-02-01 11:33:37,700 INFO stopped: nginx (exit status 0)
2026-02-01 11:41:09,860 INFO Set uid to user 0 succeeded
2026-02-01 11:41:09,873 INFO supervisord started with pid 1
2026-02-01 11:41:10,885 INFO spawned: 'nginx' with pid 7
2026-02-01 11:41:10,897 INFO spawned: 'php-fpm' with pid 8
2026-02-01 11:41:12,078 INFO success: nginx entered RUNNING state, process has stayed up for > than 1 seconds (startsecs)
2026-02-01 11:41:12,079 INFO success: php-fpm entered RUNNING state, process has stayed up for > than 1 seconds (startsecs)
2026-02-01 11:41:40,127 WARN received SIGQUIT indicating exit request
2026-02-01 11:41:40,128 INFO waiting for nginx, php-fpm to die
2026-02-01 11:41:40,138 INFO stopped: php-fpm (exit status 0)
2026-02-01 11:41:40,155 INFO stopped: nginx (exit status 0)
2026-02-01 12:05:02,768 INFO Set uid to user 0 succeeded
2026-02-01 12:05:02,783 INFO supervisord started with pid 1
2026-02-01 12:05:03,803 INFO spawned: 'nginx' with pid 7
2026-02-01 12:05:03,835 INFO spawned: 'php-fpm' with pid 8
2026-02-01 12:05:05,315 INFO success: nginx entered RUNNING state, process has stayed up for > than 1 seconds (startsecs)
2026-02-01 12:05:05,316 INFO success: php-fpm entered RUNNING state, process has stayed up for > than 1 seconds (startsecs)
2026-02-03 12:53:56,628 INFO Set uid to user 0 succeeded
2026-02-03 12:53:56,652 INFO supervisord started with pid 1
2026-02-03 12:53:57,664 INFO spawned: 'nginx' with pid 7
2026-02-03 12:53:57,681 INFO spawned: 'php-fpm' with pid 8
2026-02-03 12:53:59,114 INFO success: nginx entered RUNNING state, process has stayed up for > than 1 seconds (startsecs)
2026-02-03 12:53:59,116 INFO success: php-fpm entered RUNNING state, process has stayed up for > than 1 seconds (startsecs)
2026-02-03 13:19:27,297 INFO reaped unknown pid 253 (exit status 0)
2026-02-03 13:34:16,272 INFO Set uid to user 0 succeeded
2026-02-03 13:34:16,299 INFO supervisord started with pid 1
2026-02-03 13:34:17,326 INFO spawned: 'nginx' with pid 7
2026-02-03 13:34:17,358 INFO spawned: 'php-fpm' with pid 8
2026-02-03 13:34:18,915 INFO success: nginx entered RUNNING state, process has stayed up for > than 1 seconds (startsecs)
2026-02-03 13:34:18,918 INFO success: php-fpm entered RUNNING state, process has stayed up for > than 1 seconds (startsecs)
2026-02-03 13:35:55,442 INFO reaped unknown pid 257 (exit status 0)
2026-02-04 13:15:33,586 INFO Set uid to user 0 succeeded
2026-02-04 13:15:33,610 INFO supervisord started with pid 1
2026-02-04 13:15:34,636 INFO spawned: 'nginx' with pid 7
2026-02-04 13:15:34,685 INFO spawned: 'php-fpm' with pid 8
2026-02-04 13:15:36,277 INFO success: nginx entered RUNNING state, process has stayed up for > than 1 seconds (startsecs)
2026-02-04 13:15:36,279 INFO success: php-fpm entered RUNNING state, process has stayed up for > than 1 seconds (startsecs)
2026-02-07 07:25:42,199 INFO Set uid to user 0 succeeded
2026-02-07 07:25:42,225 INFO supervisord started with pid 1
2026-02-07 07:25:43,266 INFO spawned: 'nginx' with pid 7
2026-02-07 07:25:43,293 INFO spawned: 'php-fpm' with pid 8
2026-02-07 07:25:44,772 INFO success: nginx entered RUNNING state, process has stayed up for > than 1 seconds (startsecs)
2026-02-07 07:25:44,774 INFO success: php-fpm entered RUNNING state, process has stayed up for > than 1 seconds (startsecs)
2026-03-15 08:01:39,873 INFO Set uid to user 0 succeeded
2026-03-15 08:01:39,894 INFO supervisord started with pid 1
2026-03-15 08:01:40,900 INFO spawned: 'nginx' with pid 7
2026-03-15 08:01:40,907 INFO spawned: 'php-fpm' with pid 8
2026-03-15 08:01:42,142 INFO success: nginx entered RUNNING state, process has stayed up for > than 1 seconds (startsecs)
2026-03-15 08:01:42,144 INFO success: php-fpm entered RUNNING state, process has stayed up for > than 1 seconds (startsecs)
